  TopRightGrid.cpp
  TopLeftGrid.cpp
  main.cpp
  BottomRightGrid.cpp
  BottomLeftGrid.cpp
  Board.cpp
c:\users\russellrl19\desktop\simon\simon\board.cpp(44): warning C4477: 'printf' : format string '%d' requires an argument of type 'int', but variadic argument 1 has type 'double'
c:\users\russellrl19\desktop\simon\simon\board.cpp(44): warning C4477: 'printf' : format string '%d' requires an argument of type 'int', but variadic argument 2 has type 'double'
c:\users\russellrl19\desktop\simon\simon\board.cpp(59): warning C4018: '<': signed/unsigned mismatch
  Generating Code...
VMIGameEngine-d.lib(BoundingBox.obj) : warning LNK4099: PDB 'VMIGameEngine.pdb' was not found with 'VMIGameEngine-d.lib(BoundingBox.obj)' or at 'C:\Users\russellrl19\Desktop\simon\Debug\VMIGameEngine.pdb'; linking object as if no debug info
VMIGameEngine-d.lib(Game.obj) : warning LNK4099: PDB 'VMIGameEngine.pdb' was not found with 'VMIGameEngine-d.lib(Game.obj)' or at 'C:\Users\russellrl19\Desktop\simon\Debug\VMIGameEngine.pdb'; linking object as if no debug info
VMIGameEngine-d.lib(MovingThing.obj) : warning LNK4099: PDB 'VMIGameEngine.pdb' was not found with 'VMIGameEngine-d.lib(MovingThing.obj)' or at 'C:\Users\russellrl19\Desktop\simon\Debug\VMIGameEngine.pdb'; linking object as if no debug info
VMIGameEngine-d.lib(PolygonShape.obj) : warning LNK4099: PDB 'VMIGameEngine.pdb' was not found with 'VMIGameEngine-d.lib(PolygonShape.obj)' or at 'C:\Users\russellrl19\Desktop\simon\Debug\VMIGameEngine.pdb'; linking object as if no debug info
VMIGameEngine-d.lib(Text.obj) : warning LNK4099: PDB 'VMIGameEngine.pdb' was not found with 'VMIGameEngine-d.lib(Text.obj)' or at 'C:\Users\russellrl19\Desktop\simon\Debug\VMIGameEngine.pdb'; linking object as if no debug info
VMIGameEngine-d.lib(Thing.obj) : warning LNK4099: PDB 'VMIGameEngine.pdb' was not found with 'VMIGameEngine-d.lib(Thing.obj)' or at 'C:\Users\russellrl19\Desktop\simon\Debug\VMIGameEngine.pdb'; linking object as if no debug info
VMIGameEngine-d.lib(Timer.obj) : warning LNK4099: PDB 'VMIGameEngine.pdb' was not found with 'VMIGameEngine-d.lib(Timer.obj)' or at 'C:\Users\russellrl19\Desktop\simon\Debug\VMIGameEngine.pdb'; linking object as if no debug info
VMIGameEngine-d.lib(Vector2d.obj) : warning LNK4099: PDB 'VMIGameEngine.pdb' was not found with 'VMIGameEngine-d.lib(Vector2d.obj)' or at 'C:\Users\russellrl19\Desktop\simon\Debug\VMIGameEngine.pdb'; linking object as if no debug info
  Simon.vcxproj -> C:\Users\russellrl19\Desktop\simon\Debug\Simon.exe
  Simon.vcxproj -> C:\Users\russellrl19\Desktop\simon\Debug\Simon.pdb (Partial PDB)
